20/May/2019:18:50:23 +0000 GET /api/users/pepe 400 - 5.653 ms
26/May/2019:03:34:09 +0000 GET /api/users/ 404 - 2.507 ms
26/May/2019:03:34:17 +0000 GET /users/ 404 - 0.376 ms
26/May/2019:03:35:01 +0000 GET /users/ 404 - 3.100 ms
26/May/2019:03:35:04 +0000 GET /users/ 404 - 0.368 ms
26/May/2019:03:36:30 +0000 GET /users/ 404 - 2.808 ms
26/May/2019:03:36:39 +0000 GET /favicon.ico 404 - 0.367 ms
26/May/2019:04:02:18 +0000 GET / 404 - 1.155 ms
26/May/2019:04:02:41 +0000 GET /api/photos/1 404 - 0.723 ms
26/May/2019:04:02:45 +0000 GET /api/photos/1 404 - 0.259 ms
26/May/2019:04:06:02 +0000 GET /api/albums/2 404 - 1.543 ms
26/May/2019:04:12:24 +0000 GET /api/comments?email=Eliseo@gardner.biz 400 - 0.656 ms
26/May/2019:04:12:27 +0000 GET /api/comments?email=Eliseo@gardner.biz 400 - 0.166 ms
26/May/2019:04:13:41 +0000 GET /api/comments 400 - 0.136 ms
26/May/2019:04:19:04 +0000 PUT /api/shared/album/1/user/2 500 - 60.250 ms
26/May/2019:04:19:49 +0000 PUT /api/shared/album/1/user/2 500 - 2.629 ms
26/May/2019:04:19:55 +0000 PUT /api/shared/album/1/user/2 500 - 2.687 ms
26/May/2019:04:20:44 +0000 PUT /api/shared/album/1/user/2 500 - 3.115 ms
26/May/2019:04:21:05 +0000 PUT /api/shared/album/1/user/2 500 - 181.875 ms
26/May/2019:04:21:22 +0000 PUT /api/shared/album/1/user/2 500 - 4.486 ms
26/May/2019:04:27:03 +0000 PUT /api/shared/album/1/user/2 500 - 4.716 ms
26/May/2019:20:40:06 +0000 GET /favicon.ico 404 - 1.501 ms
26/May/2019:20:40:17 +0000 GET /api/users/1 404 - 85.738 ms
26/May/2019:20:40:19 +0000 GET /api/users/1 404 - 3.950 ms
26/May/2019:20:40:27 +0000 GET /api/users/1 404 - 2.871 ms
